0 info it worked if it ends with ok
1 verbose cli [ 'C:\\Program Files\\nodejs\\node.exe',
1 verbose cli   'C:\\Users\\jbeck\\AppData\\Roaming\\npm\\node_modules\\npm\\bin\\npm-cli.js',
1 verbose cli   'run',
1 verbose cli   'build-test' ]
2 info using npm@3.5.3
3 info using node@v4.6.1
4 verbose run-script [ 'prebuild-test', 'build-test', 'postbuild-test' ]
5 info lifecycle typescript-angular-components@3.11.1~prebuild-test: typescript-angular-components@3.11.1
6 silly lifecycle typescript-angular-components@3.11.1~prebuild-test: no script for prebuild-test, continuing
7 info lifecycle typescript-angular-components@3.11.1~build-test: typescript-angular-components@3.11.1
8 verbose lifecycle typescript-angular-components@3.11.1~build-test: unsafe-perm in lifecycle true
9 verbose lifecycle typescript-angular-components@3.11.1~build-test: PATH: C:\Users\jbeck\AppData\Roaming\npm\node_modules\npm\bin\node-gyp-bin;C:\Renovo\TypeScript-Angular-Components\node_modules\.bin;C:\Windows\system32;C:\Windows;C:\Windows\System32\Wbem;C:\Windows\System32\WindowsPowerShell\v1.0\;C:\Program Files\Microsoft SQL Server\130\Tools\Binn\;C:\Program Files\Microsoft SQL Server\Client SDK\ODBC\110\Tools\Binn\;C:\Program Files (x86)\Microsoft SQL Server\120\Tools\Binn\;C:\Program Files\Microsoft SQL Server\120\Tools\Binn\;C:\Program Files\Microsoft SQL Server\120\DTS\Binn\;C:\Program Files (x86)\Microsoft SQL Server\120\Tools\Binn\ManagementStudio\;C:\Program Files (x86)\Microsoft SQL Server\120\DTS\Binn\;C:\ProgramData\chocolatey\bin;C:\Program Files\OpenVPN\bin;C:\Program Files\Git\cmd;C:\Program Files (x86)\GitExtensions\;C:\Program Files\Microsoft\Web Platform Installer\;C:\Program Files\dotnet\;C:\Program Files\nodejs\;C:\Users\jbeck\AppData\Local\Microsoft\WindowsApps;C:\Program Files (x86)\Microsoft VS Code\bin;C:\php;C:\Arcanist\arcanist\bin;C:\Users\jbeck\AppData\Roaming\Dashlane\4.6.5.21982\bin\Firefox_Extension\{442718d9-475e-452a-b3e1-fb1ee16b8e9f}\components
10 verbose lifecycle typescript-angular-components@3.11.1~build-test: CWD: C:\Renovo\TypeScript-Angular-Components
11 silly lifecycle typescript-angular-components@3.11.1~build-test: Args: [ '/d /s /c', 'npm run build && npm run test' ]
12 silly lifecycle typescript-angular-components@3.11.1~build-test: Returned: code: 1  signal: null
13 info lifecycle typescript-angular-components@3.11.1~build-test: Failed to exec build-test script
14 verbose stack Error: typescript-angular-components@3.11.1 build-test: `npm run build && npm run test`
14 verbose stack Exit status 1
14 verbose stack     at EventEmitter.<anonymous> (C:\Users\jbeck\AppData\Roaming\npm\node_modules\npm\lib\utils\lifecycle.js:232:16)
14 verbose stack     at emitTwo (events.js:87:13)
14 verbose stack     at EventEmitter.emit (events.js:172:7)
14 verbose stack     at ChildProcess.<anonymous> (C:\Users\jbeck\AppData\Roaming\npm\node_modules\npm\lib\utils\spawn.js:24:14)
14 verbose stack     at emitTwo (events.js:87:13)
14 verbose stack     at ChildProcess.emit (events.js:172:7)
14 verbose stack     at maybeClose (internal/child_process.js:829:16)
14 verbose stack     at Process.ChildProcess._handle.onexit (internal/child_process.js:211:5)
15 verbose pkgid typescript-angular-components@3.11.1
16 verbose cwd C:\Renovo\TypeScript-Angular-Components
17 error Windows_NT 10.0.14393
18 error argv "C:\\Program Files\\nodejs\\node.exe" "C:\\Users\\jbeck\\AppData\\Roaming\\npm\\node_modules\\npm\\bin\\npm-cli.js" "run" "build-test"
19 error node v4.6.1
20 error npm  v3.5.3
21 error code ELIFECYCLE
22 error typescript-angular-components@3.11.1 build-test: `npm run build && npm run test`
22 error Exit status 1
23 error Failed at the typescript-angular-components@3.11.1 build-test script 'npm run build && npm run test'.
23 error Make sure you have the latest version of node.js and npm installed.
23 error If you do, this is most likely a problem with the typescript-angular-components package,
23 error not with npm itself.
23 error Tell the author that this fails on your system:
23 error     npm run build && npm run test
23 error You can get information on how to open an issue for this project with:
23 error     npm bugs typescript-angular-components
23 error Or if that isn't available, you can get their info via:
23 error     npm owner ls typescript-angular-components
23 error There is likely additional logging output above.
24 verbose exit [ 1, true ]
